TN:
SF:src/components/auth/AuthCard.tsx
FN:11,AuthCard
FNF:1
FNH:1
FNDA:119,AuthCard
DA:1,1
DA:3,1
DA:11,1
DA:12,119
DA:14,119
DA:15,119
DA:16,119
DA:17,119
DA:18,119
DA:19,119
DA:20,119
DA:21,119
DA:22,119
DA:24,119
DA:25,119
DA:26,119
DA:28,119
DA:29,119
DA:31,119
DA:32,119
DA:33,119
DA:34,119
DA:35,119
DA:39,119
DA:42,119
DA:44,1
LF:26
LH:26
BRDA:11,0,0,119
BRDA:19,1,0,0
BRF:2
BRH:1
end_of_record
TN:
SF:src/components/auth/AuthInput.tsx
FN:33,onClick
FNF:1
FNH:1
FNDA:2,onClick
DA:1,1
DA:2,1
DA:3,1
DA:10,1
DA:11,1
DA:12,149
DA:13,149
DA:14,149
DA:16,149
DA:17,149
DA:18,149
DA:19,149
DA:21,149
DA:22,149
DA:23,149
DA:24,149
DA:25,149
DA:26,149
DA:27,149
DA:28,149
DA:30,149
DA:31,149
DA:32,149
DA:33,149
DA:34,149
DA:35,149
DA:37,149
DA:41,149
DA:42,149
DA:43,149
DA:44,149
DA:45,149
DA:46,149
DA:47,149
DA:48,149
DA:49,149
DA:51,149
DA:52,149
DA:58,149
DA:61,1
DA:63,1
LF:41
LH:41
BRDA:11,0,0,149
BRDA:14,1,0,63
BRDA:14,2,0,1
BRDA:14,3,0,62
BRDA:14,4,0,86
BRDA:25,5,0,63
BRDA:25,6,0,86
BRDA:25,7,0,8
BRDA:25,8,0,141
BRDA:27,9,0,8
BRDA:27,10,0,141
BRDA:35,11,0,1
BRDA:35,12,0,62
BRDA:37,13,0,1
BRDA:33,14,0,2
BRF:15
BRH:15
end_of_record
TN:
SF:src/components/auth/EmailVerification.tsx
FN:16,EmailVerification
FN:23,handleChange
FN:35,handleKeyDown
FN:41,handlePaste
FN:52,submitCode
FN:65,handleResend
FN:89,ref
FN:94,onChange
FN:95,onKeyDown
FNF:9
FNH:7
FNDA:15,EmailVerification
FNDA:11,handleChange
FNDA:1,handleKeyDown
FNDA:0,handlePaste
FNDA:1,submitCode
FNDA:0,handleResend
FNDA:48,ref
FNDA:11,onChange
FNDA:1,onKeyDown
DA:1,1
DA:2,1
DA:3,1
DA:4,1
DA:5,1
DA:14,1
DA:16,1
DA:17,15
DA:18,15
DA:19,15
DA:20,15
DA:21,15
DA:23,15
DA:24,11
DA:25,10
DA:26,10
DA:27,10
DA:28,10
DA:29,11
DA:30,11
DA:31,1
DA:32,1
DA:33,11
DA:35,15
DA:36,1
DA:37,0
DA:38,0
DA:39,1
DA:41,15
DA:42,0
DA:43,0
DA:44,0
DA:45,0
DA:46,0
DA:47,0
DA:48,0
DA:49,0
DA:50,0
DA:52,15
DA:53,1
DA:54,1
DA:55,1
DA:56,1
DA:57,1
DA:58,1
DA:59,1
DA:60,1
DA:61,1
DA:62,1
DA:63,1
DA:65,15
DA:66,0
DA:67,0
DA:68,0
DA:69,0
DA:70,0
DA:71,0
DA:72,0
DA:74,15
DA:75,15
DA:76,15
DA:77,15
DA:78,15
DA:80,15
DA:81,15
DA:85,15
DA:86,15
DA:87,15
DA:88,15
DA:89,15
DA:90,15
DA:91,15
DA:92,15
DA:93,15
DA:94,15
DA:95,15
DA:96,15
DA:97,15
DA:98,15
DA:99,15
DA:100,15
DA:105,15
DA:106,15
DA:109,15
DA:110,15
DA:111,15
DA:115,15
DA:116,15
DA:117,15
DA:118,15
DA:119,15
DA:120,15
DA:121,15
DA:123,15
DA:127,15
DA:128,15
DA:133,15
DA:135,1
LF:98
LH:80
BRDA:16,0,0,15
BRDA:123,1,0,0
BRDA:23,2,0,11
BRDA:24,3,0,1
BRDA:24,4,0,10
BRDA:29,5,0,9
BRDA:29,6,0,8
BRDA:29,7,0,10
BRDA:30,8,0,1
BRDA:30,9,0,1
BRDA:30,10,0,35
BRDA:35,11,0,1
BRDA:36,12,0,0
BRDA:36,13,0,0
BRDA:52,14,0,1
BRDA:55,15,0,0
BRDA:57,16,0,0
BRDA:96,17,0,15
BRDA:96,18,0,75
BRDA:89,19,0,48
BRDA:94,20,0,11
BRDA:95,21,0,1
BRF:22
BRH:17
end_of_record
TN:
SF:src/components/auth/EmailVerified.tsx
FN:9,EmailVerified
FNF:1
FNH:1
FNDA:2,EmailVerified
DA:1,1
DA:2,1
DA:3,1
DA:9,1
DA:10,2
DA:11,2
DA:12,2
DA:13,2
DA:14,2
DA:15,2
DA:16,2
DA:17,2
DA:19,2
DA:21,2
DA:24,2
DA:30,2
DA:32,1
LF:17
LH:17
BRDA:9,0,0,2
BRF:1
BRH:1
end_of_record
TN:
SF:src/components/auth/ForgotPasswordForm.tsx
FN:16,ForgotPasswordForm
FN:32,handleFormSubmit
FNF:2
FNH:2
FNDA:36,ForgotPasswordForm
FNDA:5,handleFormSubmit
DA:1,1
DA:2,1
DA:3,1
DA:5,1
DA:6,1
DA:7,1
DA:8,1
DA:9,1
DA:16,1
DA:17,36
DA:19,36
DA:20,36
DA:21,36
DA:22,36
DA:23,36
DA:24,36
DA:25,36
DA:26,36
DA:27,36
DA:28,36
DA:29,36
DA:30,36
DA:32,36
DA:33,5
DA:34,5
DA:35,1
DA:36,5
DA:37,4
DA:38,4
DA:39,4
DA:40,5
DA:42,36
DA:43,2
DA:44,2
DA:45,2
DA:46,2
DA:47,2
DA:49,2
DA:50,2
DA:52,2
DA:53,2
DA:59,2
DA:61,34
DA:62,34
DA:63,34
DA:64,34
DA:65,34
DA:66,34
DA:67,34
DA:68,34
DA:69,36
DA:70,36
DA:71,36
DA:72,36
DA:75,36
DA:76,36
DA:77,36
DA:78,36
DA:79,36
DA:80,36
DA:82,36
DA:86,36
DA:87,36
DA:88,36
DA:91,36
DA:92,36
DA:97,36
DA:99,1
LF:68
LH:68
BRDA:16,0,0,36
BRDA:42,1,0,2
BRDA:59,2,0,34
BRDA:69,3,0,1
BRDA:87,4,0,15
BRDA:88,5,0,15
BRDA:88,6,0,19
BRDA:32,7,0,5
BRDA:34,8,0,1
BRDA:36,9,0,4
BRF:10
BRH:10
end_of_record
TN:
SF:src/components/auth/GoogleSignInButton.tsx
FN:9,GoogleSignInButton
FN:15,handleClick
FNF:2
FNH:1
FNDA:29,GoogleSignInButton
FNDA:0,handleClick
DA:1,1
DA:2,1
DA:9,1
DA:10,29
DA:11,29
DA:12,29
DA:13,29
DA:15,29
DA:16,0
DA:17,0
DA:18,0
DA:19,0
DA:20,0
DA:21,0
DA:22,0
DA:23,0
DA:24,0
DA:26,29
DA:27,29
DA:28,29
DA:29,29
DA:30,29
DA:31,29
DA:33,29
DA:34,0
DA:36,29
DA:37,29
DA:38,29
DA:39,29
DA:40,29
DA:43,29
DA:46,29
DA:48,1
LF:33
LH:23
BRDA:9,0,0,29
BRDA:33,1,0,0
BRF:2
BRH:1
end_of_record
TN:
SF:src/components/auth/LoginForm.tsx
FN:25,LoginForm
FN:40,handleFormSubmit
FNF:2
FNH:2
FNDA:11,LoginForm
FNDA:1,handleFormSubmit
DA:1,1
DA:2,1
DA:3,1
DA:4,1
DA:5,1
DA:6,1
DA:7,1
DA:8,1
DA:9,1
DA:18,1
DA:19,1
DA:20,1
DA:21,1
DA:25,1
DA:26,11
DA:28,11
DA:29,11
DA:30,11
DA:31,11
DA:32,11
DA:33,11
DA:34,11
DA:35,11
DA:36,11
DA:37,11
DA:38,11
DA:40,11
DA:41,1
DA:42,1
DA:43,1
DA:44,1
DA:45,0
DA:46,0
DA:47,1
DA:49,11
DA:50,11
DA:51,11
DA:52,11
DA:53,11
DA:54,11
DA:55,11
DA:56,11
DA:57,11
DA:58,11
DA:59,11
DA:60,11
DA:62,11
DA:63,11
DA:64,11
DA:65,11
DA:66,11
DA:67,11
DA:68,11
DA:69,11
DA:71,11
DA:72,11
DA:73,11
DA:76,11
DA:77,11
DA:78,11
DA:79,11
DA:80,11
DA:84,11
DA:85,11
DA:86,11
DA:87,11
DA:88,11
DA:89,11
DA:91,11
DA:95,11
DA:96,11
DA:97,11
DA:101,11
DA:102,11
DA:105,11
DA:107,11
DA:108,11
DA:109,11
DA:115,11
DA:117,1
LF:80
LH:78
BRDA:25,0,0,11
BRDA:57,1,0,8
BRDA:57,2,0,1
BRDA:57,3,0,3
BRDA:67,4,0,8
BRDA:67,5,0,1
BRDA:67,6,0,3
BRDA:96,7,0,3
BRDA:97,8,0,3
BRDA:97,9,0,8
BRDA:40,10,0,1
BRDA:44,11,0,0
BRF:12
BRH:11
end_of_record
TN:
SF:src/components/auth/LogoutCard.tsx
FN:12,LogoutCard
FN:15,handleLogout
FNF:2
FNH:2
FNDA:5,LogoutCard
FNDA:1,handleLogout
DA:1,1
DA:2,1
DA:3,1
DA:12,1
DA:13,5
DA:15,5
DA:16,1
DA:17,1
DA:18,1
DA:19,1
DA:20,1
DA:21,1
DA:22,1
DA:24,5
DA:25,5
DA:26,5
DA:27,5
DA:28,5
DA:29,5
DA:31,5
DA:32,5
DA:33,5
DA:37,5
DA:38,5
DA:41,5
DA:42,5
DA:43,5
DA:49,5
DA:51,1
LF:29
LH:29
BRDA:12,0,0,5
BRDA:42,1,0,1
BRDA:43,2,0,1
BRDA:43,3,0,4
BRDA:15,4,0,1
BRF:5
BRH:5
end_of_record
TN:
SF:src/components/auth/PasswordStrengthBar.tsx
FN:10,test
FN:11,test
FN:12,test
FN:13,test
FN:14,test
FN:25,PasswordStrengthBar
FNF:6
FNH:6
FNDA:37,test
FNDA:37,test
FNDA:37,test
FNDA:37,test
FNDA:37,test
FNDA:54,PasswordStrengthBar
DA:1,1
DA:2,1
DA:3,1
DA:9,1
DA:10,1
DA:11,1
DA:12,1
DA:13,1
DA:14,1
DA:15,1
DA:17,1
DA:18,1
DA:19,1
DA:20,1
DA:21,1
DA:22,1
DA:23,1
DA:25,1
DA:26,54
DA:27,54
DA:29,54
DA:31,37
DA:33,37
DA:34,37
DA:35,37
DA:36,37
DA:37,37
DA:38,37
DA:41,37
DA:42,37
DA:43,37
DA:44,37
DA:45,37
DA:46,37
DA:47,37
DA:48,37
DA:50,37
DA:51,37
DA:52,37
DA:53,37
DA:54,37
DA:55,37
DA:56,37
DA:61,37
DA:62,37
DA:63,37
DA:64,37
DA:66,37
DA:68,37
DA:72,37
DA:73,37
DA:74,37
DA:75,37
DA:76,37
DA:78,37
DA:79,37
DA:80,37
DA:81,102
DA:83,37
DA:85,37
DA:86,37
DA:87,37
DA:88,37
DA:90,37
DA:97,37
DA:99,1
LF:66
LH:66
BRDA:10,0,0,37
BRDA:11,1,0,37
BRDA:12,2,0,37
BRDA:13,3,0,37
BRDA:14,4,0,37
BRDA:25,5,0,54
BRDA:29,6,0,17
BRDA:29,7,0,37
BRDA:26,8,0,37
BRDA:26,9,0,185
BRDA:55,10,0,102
BRDA:55,11,0,83
BRDA:80,12,0,102
BRDA:87,13,0,102
BRDA:87,14,0,83
BRF:15
BRH:15
end_of_record
TN:
SF:src/components/auth/ResetPasswordForm.tsx
FN:19,ResetPasswordForm
FN:35,handleFormSubmit
FNF:2
FNH:2
FNDA:32,ResetPasswordForm
FNDA:1,handleFormSubmit
DA:1,1
DA:2,1
DA:3,1
DA:5,1
DA:6,1
DA:8,1
DA:9,1
DA:10,1
DA:11,1
DA:12,1
DA:19,1
DA:20,32
DA:22,32
DA:23,32
DA:24,32
DA:25,32
DA:26,32
DA:27,32
DA:28,32
DA:29,32
DA:30,32
DA:31,32
DA:32,32
DA:33,32
DA:35,32
DA:36,1
DA:37,1
DA:38,1
DA:39,1
DA:40,0
DA:41,0
DA:42,0
DA:43,1
DA:45,32
DA:46,2
DA:47,2
DA:48,2
DA:49,2
DA:50,2
DA:52,2
DA:55,2
DA:61,2
DA:63,30
DA:64,30
DA:65,30
DA:66,30
DA:67,30
DA:68,30
DA:69,30
DA:70,30
DA:71,32
DA:72,32
DA:73,32
DA:74,32
DA:77,32
DA:78,32
DA:81,32
DA:82,32
DA:83,32
DA:84,32
DA:85,32
DA:86,32
DA:88,32
DA:92,32
DA:93,32
DA:94,32
DA:99,32
DA:101,1
LF:68
LH:65
BRDA:19,0,0,32
BRDA:45,1,0,2
BRDA:61,2,0,30
BRDA:71,3,0,1
BRDA:93,4,0,3
BRDA:94,5,0,3
BRDA:94,6,0,27
BRDA:35,7,0,1
BRDA:39,8,0,0
BRF:9
BRH:8
end_of_record
TN:
SF:src/components/auth/SignupForm.tsx
FN:20,SignupForm
FN:37,handleFormSubmit
FNF:2
FNH:2
FNDA:18,SignupForm
FNDA:1,handleFormSubmit
DA:1,1
DA:2,1
DA:3,1
DA:5,1
DA:6,1
DA:7,1
DA:8,1
DA:9,1
DA:10,1
DA:11,1
DA:12,1
DA:20,1
DA:21,18
DA:23,18
DA:24,18
DA:25,18
DA:26,18
DA:27,18
DA:28,18
DA:29,18
DA:30,18
DA:31,18
DA:32,18
DA:33,18
DA:34,18
DA:35,18
DA:37,18
DA:38,1
DA:39,1
DA:40,1
DA:41,1
DA:42,0
DA:43,0
DA:44,1
DA:46,18
DA:47,18
DA:48,18
DA:49,18
DA:50,18
DA:51,18
DA:52,18
DA:53,18
DA:54,18
DA:55,18
DA:56,18
DA:57,18
DA:59,18
DA:60,18
DA:61,18
DA:62,18
DA:63,18
DA:64,18
DA:65,18
DA:66,18
DA:68,18
DA:69,18
DA:70,18
DA:71,18
DA:72,18
DA:73,18
DA:74,18
DA:75,18
DA:78,18
DA:79,18
DA:82,18
DA:83,18
DA:84,18
DA:85,18
DA:86,18
DA:87,18
DA:89,18
DA:93,18
DA:94,18
DA:95,18
DA:99,18
DA:100,18
DA:103,18
DA:105,18
DA:106,18
DA:107,18
DA:113,18
DA:115,1
LF:82
LH:80
BRDA:20,0,0,18
BRDA:54,1,0,1
BRDA:64,2,0,1
BRDA:73,3,0,1
BRDA:94,4,0,3
BRDA:95,5,0,3
BRDA:95,6,0,15
BRDA:37,7,0,1
BRDA:41,8,0,0
BRF:9
BRH:8
end_of_record
TN:
SF:src/components/auth/SkipLink.tsx
FN:13,SkipLink
FNF:1
FNH:1
FNDA:2,SkipLink
DA:1,1
DA:4,1
DA:13,1
DA:14,2
DA:15,2
DA:16,2
DA:17,2
DA:19,2
DA:20,2
DA:23,2
DA:25,1
LF:11
LH:11
BRDA:13,0,0,2
BRF:1
BRH:1
end_of_record
TN:
SF:src/components/auth/ThemeToggle.tsx
FN:5,ThemeToggle
FN:10,toggleTheme
FNF:2
FNH:2
FNDA:5,ThemeToggle
FNDA:1,toggleTheme
DA:1,1
DA:2,1
DA:3,1
DA:5,1
DA:6,5
DA:8,5
DA:10,5
DA:11,1
DA:12,1
DA:14,5
DA:15,5
DA:16,5
DA:17,5
DA:18,5
DA:20,5
DA:21,5
DA:22,5
DA:23,5
DA:24,5
DA:26,5
DA:30,5
DA:32,1
LF:22
LH:22
BRDA:5,0,0,5
BRDA:26,1,0,1
BRDA:21,2,0,1
BRDA:21,3,0,4
BRDA:10,4,0,1
BRDA:11,5,0,0
BRF:6
BRH:5
end_of_record
TN:
SF:src/hooks/use-mobile.tsx
FN:5,useIsMobile
FN:10,onChange
FNF:2
FNH:2
FNDA:3,useIsMobile
FNDA:1,onChange
DA:1,1
DA:3,1
DA:5,1
DA:6,3
DA:8,3
DA:9,1
DA:10,1
DA:11,1
DA:12,1
DA:13,1
DA:14,1
DA:15,1
DA:16,3
DA:18,3
DA:19,3
LF:15
LH:15
BRDA:5,0,0,3
BRDA:8,1,0,1
BRDA:10,2,0,1
BRDA:15,3,0,1
BRF:4
BRH:4
end_of_record
TN:
SF:src/hooks/use-toast.ts
FN:1,(empty-report)
FNF:1
FNH:0
FNDA:0,(empty-report)
DA:1,0
DA:5,0
DA:6,0
DA:15,0
DA:16,0
DA:17,0
DA:18,0
DA:19,0
DA:20,0
DA:22,0
DA:24,0
DA:25,0
DA:26,0
DA:27,0
DA:53,0
DA:55,0
DA:56,0
DA:57,0
DA:58,0
DA:60,0
DA:61,0
DA:62,0
DA:63,0
DA:64,0
DA:65,0
DA:66,0
DA:68,0
DA:69,0
DA:71,0
DA:72,0
DA:73,0
DA:74,0
DA:75,0
DA:76,0
DA:77,0
DA:79,0
DA:80,0
DA:81,0
DA:82,0
DA:83,0
DA:85,0
DA:86,0
DA:88,0
DA:89,0
DA:90,0
DA:91,0
DA:92,0
DA:93,0
DA:94,0
DA:95,0
DA:96,0
DA:98,0
DA:99,0
DA:100,0
DA:101,0
DA:102,0
DA:103,0
DA:104,0
DA:105,0
DA:106,0
DA:108,0
DA:109,0
DA:110,0
DA:111,0
DA:112,0
DA:113,0
DA:114,0
DA:115,0
DA:116,0
DA:117,0
DA:118,0
DA:119,0
DA:120,0
DA:121,0
DA:122,0
DA:124,0
DA:126,0
DA:128,0
DA:129,0
DA:130,0
DA:131,0
DA:132,0
DA:133,0
DA:137,0
DA:138,0
DA:140,0
DA:141,0
DA:142,0
DA:143,0
DA:144,0
DA:145,0
DA:147,0
DA:148,0
DA:149,0
DA:150,0
DA:151,0
DA:152,0
DA:153,0
DA:154,0
DA:155,0
DA:156,0
DA:157,0
DA:159,0
DA:160,0
DA:161,0
DA:162,0
DA:163,0
DA:164,0
DA:166,0
DA:167,0
DA:169,0
DA:170,0
DA:171,0
DA:172,0
DA:173,0
DA:174,0
DA:175,0
DA:176,0
DA:177,0
DA:179,0
DA:180,0
DA:181,0
DA:182,0
DA:183,0
DA:184,0
LF:125
LH:0
BRDA:1,0,0,0
BRF:1
BRH:0
end_of_record
TN:
SF:src/hooks/useValidation.ts
FN:25,useValidation
FNF:1
FNH:1
FNDA:10,useValidation
DA:1,1
DA:4,1
DA:25,1
DA:26,10
DA:27,10
DA:28,10
DA:29,10
DA:31,10
DA:32,2
DA:33,2
DA:34,2
DA:35,2
DA:36,2
DA:37,10
DA:39,10
DA:40,10
DA:41,4
DA:42,4
DA:44,4
DA:45,4
DA:46,3
DA:47,4
DA:48,1
DA:49,1
DA:50,4
DA:51,10
DA:54,10
DA:55,10
DA:56,10
DA:57,10
DA:58,3
DA:59,3
DA:60,0
DA:61,0
DA:62,3
DA:63,10
DA:64,10
DA:65,10
DA:66,10
DA:67,3
DA:68,3
DA:69,0
DA:70,0
DA:71,3
DA:72,10
DA:73,10
DA:75,10
DA:76,10
DA:77,10
DA:78,10
DA:79,10
DA:80,10
LF:52
LH:48
BRDA:25,0,0,10
BRDA:31,1,0,2
BRDA:32,2,0,2
BRDA:40,3,0,4
BRDA:40,4,0,4
BRDA:42,5,0,0
BRDA:45,6,0,3
BRDA:47,7,0,1
BRDA:41,8,0,4
BRDA:46,9,0,3
BRDA:54,10,0,10
BRDA:57,11,0,3
BRDA:59,12,0,0
BRDA:65,13,0,10
BRDA:66,14,0,3
BRDA:68,15,0,0
BRF:16
BRH:13
end_of_record
TN:
SF:src/lib/constants.ts
FNF:0
FNH:0
DA:1,1
DA:2,1
LF:2
LH:2
BRF:0
BRH:0
end_of_record
TN:
SF:src/lib/errorMessages.ts
FN:37,getAuthErrorMessage
FNF:1
FNH:1
FNDA:4,getAuthErrorMessage
DA:1,1
DA:4,1
DA:6,1
DA:7,1
DA:8,1
DA:9,1
DA:10,1
DA:11,1
DA:13,1
DA:14,1
DA:15,1
DA:16,1
DA:17,1
DA:19,1
DA:20,1
DA:21,1
DA:23,1
DA:24,1
DA:25,1
DA:26,1
DA:28,1
DA:29,1
DA:30,1
DA:31,1
DA:33,1
DA:34,1
DA:35,1
DA:37,1
DA:38,4
DA:39,4
DA:40,0
DA:41,0
DA:42,0
DA:43,0
DA:44,0
DA:46,4
DA:47,4
DA:48,1
DA:50,1
DA:51,0
DA:52,0
DA:53,1
DA:54,0
DA:55,0
DA:56,1
DA:57,1
DA:58,1
DA:59,1
DA:60,0
DA:61,0
DA:62,1
DA:64,3
DA:65,4
DA:66,0
DA:67,0
DA:68,0
DA:69,0
DA:70,0
DA:71,0
DA:72,0
DA:73,0
DA:75,3
DA:76,3
DA:77,3
LF:64
LH:45
BRDA:37,0,0,4
BRDA:39,1,0,0
BRDA:47,2,0,1
BRDA:50,3,0,0
BRDA:53,4,0,0
BRDA:56,5,0,0
BRDA:58,6,0,0
BRDA:59,7,0,0
BRDA:62,8,0,3
BRDA:65,9,0,0
BRDA:73,10,0,3
BRF:11
BRH:4
end_of_record
TN:
SF:src/lib/utils.ts
FN:5,cn
FN:9,isValidEmail
FN:15,isPasswordStrong
FN:19,getErrorMessage
FNF:4
FNH:3
FNDA:0,cn
FNDA:27,isValidEmail
FNDA:7,isPasswordStrong
FNDA:1,getErrorMessage
DA:1,1
DA:5,1
DA:6,0
DA:7,0
DA:9,1
DA:10,27
DA:11,27
DA:13,1
DA:14,1
DA:15,1
DA:16,7
DA:17,7
DA:19,1
DA:20,1
DA:21,1
DA:22,0
DA:23,0
DA:24,1
DA:25,0
DA:26,0
DA:27,0
DA:28,0
LF:22
LH:14
BRDA:9,0,0,27
BRDA:15,1,0,7
BRDA:19,2,0,1
BRDA:20,3,0,0
BRDA:21,4,0,0
BRDA:21,5,0,0
BRDA:24,6,0,0
BRF:7
BRH:3
end_of_record
TN:
SF:src/lib/i18n/labels.ts
FNF:0
FNH:0
DA:1,1
DA:4,1
DA:124,1
DA:125,1
DA:126,1
DA:127,1
DA:128,1
DA:129,1
DA:130,1
DA:131,1
DA:132,1
DA:133,1
DA:134,1
DA:135,1
DA:136,1
DA:137,1
DA:138,1
DA:139,1
DA:140,1
DA:141,1
DA:142,1
DA:143,1
DA:144,1
DA:145,1
DA:146,1
DA:147,1
DA:148,1
DA:149,1
DA:150,1
DA:151,1
DA:152,1
DA:153,1
DA:154,1
DA:155,1
DA:156,1
DA:157,1
DA:158,1
DA:159,1
DA:160,1
DA:161,1
DA:162,1
DA:163,1
DA:164,1
DA:165,1
DA:166,1
DA:167,1
DA:168,1
DA:169,1
DA:170,1
DA:171,1
DA:172,1
DA:173,1
DA:174,1
DA:175,1
DA:176,1
DA:177,1
DA:178,1
DA:179,1
DA:180,1
DA:181,1
DA:182,1
DA:183,1
DA:184,1
DA:185,1
DA:186,1
DA:187,1
DA:188,1
DA:189,1
DA:190,1
DA:191,1
DA:192,1
DA:193,1
DA:194,1
DA:195,1
DA:196,1
DA:197,1
DA:198,1
DA:199,1
DA:200,1
DA:201,1
DA:202,1
DA:203,1
DA:204,1
DA:205,1
DA:206,1
DA:207,1
DA:208,1
DA:209,1
DA:210,1
DA:211,1
DA:212,1
DA:213,1
DA:214,1
DA:215,1
DA:216,1
DA:217,1
DA:218,1
DA:219,1
DA:220,1
DA:221,1
DA:222,1
DA:224,1
DA:225,1
DA:226,1
DA:227,1
DA:228,1
DA:229,1
DA:230,1
DA:231,1
DA:232,1
DA:233,1
DA:234,1
DA:235,1
DA:236,1
DA:237,1
DA:238,1
DA:239,1
DA:240,1
DA:241,1
DA:242,1
DA:243,1
DA:244,1
DA:245,1
DA:246,1
DA:247,1
DA:248,1
DA:249,1
DA:250,1
DA:251,1
DA:252,1
DA:253,1
DA:254,1
DA:255,1
DA:256,1
DA:257,1
DA:258,1
DA:259,1
DA:260,1
DA:261,1
DA:262,1
DA:263,1
DA:264,1
DA:265,1
DA:266,1
DA:267,1
DA:268,1
DA:269,1
DA:270,1
DA:271,1
DA:272,1
DA:273,1
DA:274,1
DA:275,1
DA:276,1
DA:277,1
DA:278,1
DA:279,1
DA:280,1
DA:281,1
DA:282,1
DA:283,1
DA:284,1
DA:285,1
DA:286,1
DA:287,1
DA:288,1
DA:289,1
DA:290,1
DA:291,1
DA:292,1
DA:293,1
DA:294,1
DA:295,1
DA:296,1
DA:297,1
DA:298,1
DA:299,1
DA:300,1
DA:301,1
DA:302,1
DA:303,1
DA:304,1
DA:305,1
DA:306,1
DA:307,1
DA:308,1
DA:309,1
DA:310,1
DA:311,1
DA:312,1
DA:313,1
DA:314,1
DA:315,1
DA:316,1
DA:317,1
DA:318,1
DA:319,1
DA:320,1
DA:321,1
DA:322,1
LF:200
LH:200
BRF:0
BRH:0
end_of_record
TN:
SF:src/lib/schemas/auth.ts
FNF:0
FNH:0
DA:1,1
DA:4,1
DA:8,1
DA:10,1
DA:11,1
DA:12,1
DA:13,1
DA:14,1
DA:15,1
DA:16,1
DA:17,1
DA:18,1
DA:19,1
DA:20,1
DA:22,1
DA:24,1
DA:25,1
DA:26,1
DA:27,1
DA:28,1
DA:29,1
DA:30,1
DA:31,1
DA:32,1
DA:33,1
DA:34,1
DA:35,1
DA:36,1
DA:37,1
DA:38,1
DA:39,1
DA:40,1
DA:41,1
DA:43,1
DA:45,1
DA:46,1
DA:47,1
DA:48,1
DA:49,1
DA:50,1
DA:51,1
DA:53,1
DA:55,1
DA:56,1
DA:57,1
DA:58,1
DA:59,1
DA:60,1
DA:61,1
DA:62,1
DA:63,1
DA:64,1
LF:52
LH:52
BRF:0
BRH:0
end_of_record
